\BOOKMARK [1][-]{section.1}{\376\377\000M\000a\000i\000n\000\040\000G\000o\000a\000l\000s}{}% 1
\BOOKMARK [1][-]{section.2}{\376\377\000N\000L\000P\000\040\000T\000a\000s\000k\000s\000\040\000A\000d\000d\000r\000e\000s\000s\000e\000d}{}% 2
\BOOKMARK [2][-]{subsection.2.1}{\376\377\000E\000x\000t\000e\000n\000s\000i\000o\000n\000\040\0001\000:\000\040\000D\000a\000t\000a\000\040\000F\000i\000l\000t\000e\000r\000i\000n\000g\000\040\000a\000n\000d\000\040\000Q\000u\000a\000l\000i\000t\000y\000\040\000A\000n\000a\000l\000y\000s\000i\000s}{section.2}% 3
\BOOKMARK [2][-]{subsection.2.2}{\376\377\000E\000x\000t\000e\000n\000s\000i\000o\000n\000\040\0002\000:\000\040\000B\000e\000h\000a\000v\000i\000o\000r\000a\000l\000\040\000R\000e\000g\000r\000e\000s\000s\000i\000o\000n\000s}{section.2}% 4
\BOOKMARK [1][-]{section.3}{\376\377\000D\000a\000t\000a\000s\000e\000t\000s\000\040\000U\000s\000e\000d}{}% 5
\BOOKMARK [1][-]{section.4}{\376\377\000N\000e\000u\000r\000a\000l\000\040\000M\000e\000t\000h\000o\000d\000s\000\040\000U\000s\000e\000d}{}% 6
\BOOKMARK [1][-]{section.5}{\376\377\000B\000a\000s\000e\000l\000i\000n\000e\000\040\000o\000f\000\040\000C\000o\000m\000p\000a\000r\000i\000s\000o\000n}{}% 7
\BOOKMARK [1][-]{section.6}{\376\377\000M\000o\000d\000e\000l\000\040\000E\000v\000a\000l\000u\000a\000t\000i\000o\000n}{}% 8
\BOOKMARK [1][-]{section.7}{\376\377\000E\000t\000h\000i\000c\000a\000l\000\040\000C\000h\000a\000l\000l\000e\000n\000g\000e\000s}{}% 9
\BOOKMARK [2][-]{subsection.7.1}{\376\377\000C\000o\000l\000l\000a\000b\000o\000r\000a\000t\000i\000o\000n\000s\000\040\000a\000n\000d\000\040\000T\000o\000o\000l\000\040\000U\000s\000a\000g\000e}{section.7}% 10
\BOOKMARK [1][-]{section.8}{\376\377\000H\000y\000p\000e\000r\000p\000a\000r\000a\000m\000e\000t\000e\000r\000\040\000C\000o\000n\000f\000i\000g\000u\000r\000a\000t\000i\000o\000n}{}% 11
\BOOKMARK [2][-]{subsection.8.1}{\376\377\000H\000y\000p\000e\000r\000p\000a\000r\000a\000m\000e\000t\000e\000r\000s}{section.8}% 12
\BOOKMARK [2][-]{subsection.8.2}{\376\377\000J\000u\000s\000t\000i\000f\000i\000c\000a\000t\000i\000o\000n}{section.8}% 13
\BOOKMARK [2][-]{subsection.8.3}{\376\377\000F\000u\000t\000u\000r\000e\000\040\000W\000o\000r\000k}{section.8}% 14
\BOOKMARK [1][-]{section.9}{\376\377\000R\000e\000s\000u\000l\000t\000s\000\040\000\046\000\040\000A\000c\000c\000u\000r\000a\000c\000y\000\040\000A\000n\000a\000l\000y\000s\000i\000s}{}% 15
\BOOKMARK [2][-]{subsection.9.1}{\376\377\000E\000r\000r\000o\000r\000\040\000T\000y\000p\000e\000s}{section.9}% 16
\BOOKMARK [2][-]{subsection.9.2}{\376\377\000M\000o\000d\000e\000l\000\040\000B\000e\000h\000a\000v\000i\000o\000r}{section.9}% 17
\BOOKMARK [2][-]{subsection.9.3}{\376\377\000E\000x\000a\000m\000p\000l\000e\000s}{section.9}% 18
\BOOKMARK [1][-]{section.10}{\376\377\000P\000l\000a\000n\000s\000\040\000f\000o\000r\000\040\000S\000e\000c\000o\000n\000d\000\040\000H\000a\000l\000f}{}% 19
\BOOKMARK [1][-]{section.11}{\376\377\000C\000o\000n\000t\000r\000i\000b\000u\000t\000i\000o\000n\000s\000\040\000N\000O\000T\000\040\000S\000U\000R\000E\000\040\000I\000F\000\040\000W\000E\000\040\000N\000E\000E\000D\000\040\000T\000H\000I\000S\000\040\000B\000U\000T\000\040\000H\000E\000\040\000M\000E\000N\000T\000I\000O\000N\000E\000D\000\040\000T\000H\000I\000S\000\040\000I\000N\000\040\000C\000L\000A\000S\000S}{}% 20
